MPASM 5.87                           MP4.ASM   3-2-2023  5:55:55         PAGE  1


LOC  OBJECT CODE     LINE SOURCE TEXT
  VALUE

                      00001 ;###########################     COMMENT HEADER     ############################
                      00002 ;;;;;;;;;;;;;;;;;;;;;;;;;;;;;;;;;;;;;;;;;;;;;;;;;;;;;;;;;;;;;;;;;;;;;;;;;;;;;;;;;
                      00003 ;  Author:          Jewel Anne A. Reyes                                         ;                       
                               
                      00004 ;  Date:            February 28, 2023                                           ;             
                      00005 ;  Version:         1.0.0                                                       ;
                      00006 ;  Title:           Machine Problem 4                                           ;
                      00007 ;                                                                               ;
                      00008 ;  Description:     This Code shows the running light of                        ;
                      00009 ;                   1 LED or logic probe with 1-sec interval.                   ;
                      00010 ;                   It uses a Watchdog Timer with Prescaler/Postscaler          ;
                      00011 ;                   rate of 1:128 for 2.3 seconds.                              ;
                      00012 ;                                                                               ;
                      00013 ;;;;;;;;;;;;;;;;;;;;;;;;;;;;;;;;;;;;;;;;;;;;;;;;;;;;;;;;;;;;;;;;;;;;;;;;;;;;;;;;;
                      00014 
                      00015         
                      00016 ;#############    DECLARATION AND CONFIGURATION OF A PROCESSOR    ##############        
Warning[205]: Found directive in column 1. (list)
                      00017 list p=16f84a                   ;Defining microcontroller model
                      00018 #include <p16f84a.inc>          ;Processor library for PIC16
                      00001         LIST
                      00002 
                      00003 ;==========================================================================
                      00004 ; Build date : Jan 06 2020
                      00005 ;  MPASM PIC16F84A processor include
                      00006 ; 
                      00007 ;  (c) Copyright 1999-2020 Microchip Technology, All rights reserved
                      00008 ;==========================================================================
                      00009 
                      00209         LIST
Warning[205]: Found directive in column 1. (__CONFIG)
2007   3FF1           00019 __CONFIG _CP_OFF & _PWRTE_ON & _WDT_OFF & _XT_OSC       ;Sets processor configuration bits
                      00020 
                      00021         
                      00022 ;##### DIRECTIVE EQU(equivalent) = text substitution for constant/variable #####
                      00023 ; Special Purpose Registers (SFR):
  00000003            00024 STATUS      EQU 03H             ;STATUS equivalent to 03H File Address
  00000005            00025 PORTA       EQU 05H     
  00000006            00026 PORTB       EQU 06H     
  00000085            00027 TRISA       EQU 85H     
  00000086            00028 TRISB       EQU 86H
  00000081            00029 OPTION_REG  EQU 81H     
  0000000B            00030 INTCON      EQU 0BH
                      00031 ; General Purpose Registers (GPR):
Warning[205]: Found directive in column 1. (cblock)
                      00032 cblock  0x20                    ;start of general purpose registers
  00000020            00033         CounterA    
  00000021            00034         CounterB   
  00000022            00035         CounterC    
  00000023            00036         Var         
  00000024            00037         W_TEMP  
  00000025            00038         STATUS_TEMP 
Warning[205]: Found directive in column 1. (ENDC)
MPASM 5.87                           MP4.ASM   3-2-2023  5:55:55         PAGE  2


LOC  OBJECT CODE     LINE SOURCE TEXT
  VALUE

                      00039 endc
                      00040 ;;;;;;;;;;;;;;;;;;;;;;;;;;;;;;;;;;;;;;;;;;;;;;;;;;;;;;;;;;;;;;;;;;;;;;;;;;;;;;;;
                      00041         ORG 00H                 ;Start assembling lines below this statement at RESET vector (00h)
0000   2???           00042             GOTO Init
                      00043         ORG 04H                 ;Start assembling lines below this statement at Peripheral Interrupt Vec
                            tor (04H)
                      00044             
Warning[207]: Found label after column 1. (PUSH)
0004                  00045             PUSH
0004   00A4           00046                     MOVWF W_TEMP        
0005   0E03           00047                     SWAPF STATUS, 0
0006   00A5           00048                     MOVWF STATUS_TEMP
                      00049 
Warning[207]: Found label after column 1. (ISR)
0007                  00050             ISR
0007   100B           00051                     BCF INTCON, 0
                      00052 
Warning[207]: Found label after column 1. (POP)
0008                  00053             POP
0008   0E25           00054                     SWAPF STATUS_TEMP, 0
0009   0083           00055                     MOVWF STATUS
000A   0EA4           00056                     SWAPF W_TEMP, 1
000B   0E24           00057                     SWAPF W_TEMP, 0
                      00058                     
000C   0009           00059         RETFIE          ;Return from interrupt
                      00060 ;;;;;;;;;;;;;;;;;;;;;;;;;;;;;;;;;;;;;;;;;;;;;;;;;;;;;;;;;;;;;;;;;;;;;;;;;;;;;;;;
000D                  00061 Init
000D   300A           00062         MOVLW 0x0A
000E   00A3           00063         MOVWF Var
000F   1683           00064         BSF STATUS,5
0010   30F0           00065         MOVLW 0xF0
Message[302]: Register in operand not in bank 0.  Ensure that bank bits are correct.
0011   0086           00066         MOVWF TRISB
Message[302]: Register in operand not in bank 0.  Ensure that bank bits are correct.
0012   1781           00067         BSF OPTION_REG, 7   
0013   1283           00068         BCF STATUS, 5
0014   178B           00069         BSF INTCON, 7   
0015   158B           00070         BSF INTCON, 3   
                      00071         
0016   1006           00072         BCF PORTB, 0
0017   1086           00073         BCF PORTB, 1
0018   1106           00074         BCF PORTB, 2
0019   1186           00075         BCF PORTB, 3
                      00076         
001A   2???           00077         goto Start
                      00078 ;;;;;;;;;;;;;;;;;;;;;;;;;;;;;;;;;;;;;;;;;;;;;;;;;;;;;;;;;;;;;;;;;;;;;;;;;;;;;;;;        
001B                  00079 Start   
001B   1406           00080         BSF PORTB, 0
001C   1486           00081         BSF PORTB, 1
001D   1506           00082         BSF PORTB, 2
001E   1586           00083         BSF PORTB, 3
                      00084         
001F   2???           00085         CALL Delay
MPASM 5.87                           MP4.ASM   3-2-2023  5:55:55         PAGE  3


LOC  OBJECT CODE     LINE SOURCE TEXT
  VALUE

                      00086         
0020   1006           00087         BCF PORTB, 0
0021   1086           00088         BCF PORTB, 1
0022   1106           00089         BCF PORTB, 2
0023   1186           00090         BCF PORTB, 3
                      00091         
0024   2???           00092         CALL Delay
                      00093         
0025   0BA3           00094         decfsz Var, 1       
0026   2???           00095         goto Start 
0027   2???           00096         goto loopx
                      00097 ;;;;;;;;;;;;;;;;;;;;;;;;;;;;;;;;;;;;;;;;;;;;;;;;;;;;;;;;;;;;;;;;;;;;;;;;;;;;;;;;      
0028                  00098 loopx
0028   0000           00099         NOP
0029   0063           00100         Sleep
002A   138B           00101         BCF INTCON, 7
002B   300A           00102         MOVLW 0x0A
002C   00A3           00103         MOVWF Var
002D   2???           00104         goto Start
                      00105 ;;;;;;;;;;;;;;;;;;;;;;;;;;;;;;;;;;;;;;;;;;;;;;;;;;;;;;;;;;;;;;;;;;;;;;;;;;;;;;;;        
002E                  00106 Delay
002E   3006           00107     MOVLW D'6'                  ;1 us
002F   00A2           00108     MOVWF CounterC              ;1 us
0030   3018           00109     MOVLW D'24'                 ;1 us
0031   00A1           00110     MOVWF CounterB              ;1 us
0032   30A7           00111     MOVLW D'167'                ;1 us
0033   00A0           00112     MOVWF CounterA              ;1 us
0034                  00113 loop
0034   0BA0           00114     DECFSZ CounterA,1           ;167 x 1 cycle + 1 cycle = 168 us
0035   2???           00115     GOTO loop                   ;166 * 2 us = 332 us
0036   0BA1           00116     DECFSZ CounterB,1           ;24 x 1 cycle + 1 cycle = 25 us
0037   2???           00117     GOTO loop                   ;24 * 2 us = 48 us
0038   0BA2           00118     DECFSZ CounterC,1           ;6 x 1 cycle + 1 cycle = 7 us
0039   2???           00119     GOTO loop                   ;5 * 2 us = 10 us
003A   0000           00120     NOP                         ;1 us
                      00121                                 ;TOTAL = 597 us
                      00122                                 ;3A + 770B + 197,122C - 197,879
                      00123                                 ;3(167) + 770(24) + 197,122(6) - 197,879
                      00124                                 ;501 + 18,480 + 1,182,732 - 197,879
                      00125                                 ;1,201,713 - 197,879
                      00126                                 ;DELAY = 1,003,834 us == 1.003 seconds
003B   0008           00127     RETURN                      ;2 us
                      00128 ;;;;;;;;;;;;;;;;;;;;;;;;;;;;;;;;;;;;;;;;;;;;;;;;;;;;;;;;;;;;;;;;;;;;;;;;;;;;;;;;        
Warning[205]: Found directive in column 1. (end)
3FF1                  00129 end
MPASM 5.87                           MP4.ASM   3-2-2023  5:55:55         PAGE  4


SYMBOL TABLE
  LABEL                             VALUE 

C                                 00000000
CounterA                          00000020
CounterB                          00000021
CounterC                          00000022
DC                                00000001
Delay                             0000002E
EEADR                             00000009
EECON1                            00000088
EECON2                            00000089
EEDATA                            00000008
EEIE                              00000006
EEIF                              00000004
F                                 00000001
FSR                               00000004
GIE                               00000007
INDF                              00000000
INTCON                            0000000B
INTE                              00000004
INTEDG                            00000006
INTF                              00000001
IRP                               00000007
ISR                               00000007
Init                              0000000D
NOT_PD                            00000003
NOT_RBPU                          00000007
NOT_TO                            00000004
OPTION_REG                        00000081
PCL                               00000002
PCLATH                            0000000A
POP                               00000008
PORTA                             00000005
PORTB                             00000006
PS0                               00000000
PS1                               00000001
PS2                               00000002
PSA                               00000003
PUSH                              00000004
RA0                               00000000
RA1                               00000001
RA2                               00000002
RA3                               00000003
RA4                               00000004
RB0                               00000000
RB1                               00000001
RB2                               00000002
RB3                               00000003
RB4                               00000004
RB5                               00000005
RB6                               00000006
RB7                               00000007
RBIE                              00000003
RBIF                              00000000
RD                                00000000
MPASM 5.87                           MP4.ASM   3-2-2023  5:55:55         PAGE  5


SYMBOL TABLE
  LABEL                             VALUE 

RP0                               00000005
RP1                               00000006
STATUS                            00000003
STATUS_TEMP                       00000025
Start                             0000001B
T0CS                              00000005
T0IE                              00000005
T0IF                              00000002
T0SE                              00000004
TMR0                              00000001
TMR0IE                            00000005
TMR0IF                            00000002
TRISA                             00000085
TRISA0                            00000000
TRISA1                            00000001
TRISA2                            00000002
TRISA3                            00000003
TRISA4                            00000004
TRISB                             00000086
TRISB0                            00000000
TRISB1                            00000001
TRISB2                            00000002
TRISB3                            00000003
TRISB4                            00000004
TRISB5                            00000005
TRISB6                            00000006
TRISB7                            00000007
Var                               00000023
W                                 00000000
WR                                00000001
WREN                              00000002
WRERR                             00000003
W_TEMP                            00000024
Z                                 00000002
_CONFIG                           00002007
_CP_OFF                           00003FFF
_CP_ON                            0000000F
_DEVID1                           00002006
_FOSC_EXTRC                       00003FFF
_FOSC_HS                          00003FFE
_FOSC_LP                          00003FFC
_FOSC_XT                          00003FFD
_HS_OSC                           00003FFE
_IDLOC0                           00002000
_IDLOC1                           00002001
_IDLOC2                           00002002
_IDLOC3                           00002003
_LP_OSC                           00003FFC
_PWRTE_OFF                        00003FFF
_PWRTE_ON                         00003FF7
_RC_OSC                           00003FFF
_WDTE_OFF                         00003FFB
_WDTE_ON                          00003FFF
MPASM 5.87                           MP4.ASM   3-2-2023  5:55:55         PAGE  6


SYMBOL TABLE
  LABEL                             VALUE 

_WDT_OFF                          00003FFB
_WDT_ON                           00003FFF
_XT_OSC                           00003FFD
__16F84A                          00000001
loop                              00000034
loopx                             00000028

Errors   :     0
Warnings :     8 reported,     0 suppressed
Messages :     2 reported,     0 suppressed

