MPASM 5.87                          MP2B.ASM   3-2-2023  6:35:54         PAGE  1


LOC  OBJECT CODE     LINE SOURCE TEXT
  VALUE

                      00001 ;###########################     COMMENT HEADER     ############################
                      00002 ;;;;;;;;;;;;;;;;;;;;;;;;;;;;;;;;;;;;;;;;;;;;;;;;;;;;;;;;;;;;;;;;;;;;;;;;;;;;;;;;;
                      00003 ;  Author:          Jewel Anne A. Reyes                                         ;                       
                               
                      00004 ;  Date:            February 28, 2023                                           ;             
                      00005 ;  Version:         1.0.0                                                       ;
                      00006 ;  Title:           Machine Problem 2.b                                         ;
                      00007 ;                                                                               ;
                      00008 ;  Description:     This Code shows a BCD Counter of 0-9                        ;
                      00009 ;                   using 1-second interval.                                    ;
                      00010 ;                   It uses 4 bits of output (RB0-RB3)                          ;
                      00011 ;                                                                               ;
                      00012 ;;;;;;;;;;;;;;;;;;;;;;;;;;;;;;;;;;;;;;;;;;;;;;;;;;;;;;;;;;;;;;;;;;;;;;;;;;;;;;;;;
                      00013 
                      00014         
                      00015 ;#############    DECLARATION AND CONFIGURATION OF A PROCESSOR    ##############        
Warning[205]: Found directive in column 1. (list)
                      00016 list p=16f84a                   ;Defining microcontroller model
                      00017 #include <p16f84a.inc>          ;Processor library for PIC16
                      00001         LIST
                      00002 
                      00003 ;==========================================================================
                      00004 ; Build date : Jan 06 2020
                      00005 ;  MPASM PIC16F84A processor include
                      00006 ; 
                      00007 ;  (c) Copyright 1999-2020 Microchip Technology, All rights reserved
                      00008 ;==========================================================================
                      00009 
                      00209         LIST
Warning[205]: Found directive in column 1. (__CONFIG)
2007   3FF1           00018 __CONFIG _CP_OFF & _PWRTE_ON & _WDT_OFF & _XT_OSC       ;Sets processor configuration bits
                      00019 
                      00020         
                      00021 ;##### DIRECTIVE EQU(equivalent) = text substitution for constant/variable #####
                      00022 ; Special Purpose Registers (SFR):
  00000003            00023 STATUS    EQU 03H               ;STATUS equivalent to 03H File Address
  00000005            00024 PORTA     EQU 05H       
  00000006            00025 PORTB     EQU 06H       
  00000085            00026 TRISA     EQU 85H       
  00000086            00027 TRISB     EQU 86H
                      00028 ; General Purpose Registers (GPR):
Warning[205]: Found directive in column 1. (cblock)
                      00029 cblock  0x20                    ;start of general purpose registers
  00000020            00030         CounterA                ;used in delay subroutine
  00000021            00031         CounterB                ;used in delay subroutine
  00000022            00032         CounterC                ;used in delay subroutine
Warning[205]: Found directive in column 1. (ENDC)
                      00033 endc
                      00034   
                      00035 ;;;;;;;;;;;;;;;;;;;;;;;;;;;;;;;;;;;;;;;;;;;;;;;;;;;;;;;;;;;;;;;;;;;;;;;;;;;;;;;;
                      00036         ORG 00H                 ;Start assembling lines below this statement at RESET vector (00h)
0000   2???           00037             goto Initial
                      00038         ORG 04H                 ;Start assembling lines below this statement at Peripheral Interrupt Vec
MPASM 5.87                          MP2B.ASM   3-2-2023  6:35:54         PAGE  2


LOC  OBJECT CODE     LINE SOURCE TEXT
  VALUE

                            tor (04H)
0004   0009           00039             retfie              ;Return from interrupt
                      00040 ;;;;;;;;;;;;;;;;;;;;;;;;;;;;;;;;;;;;;;;;;;;;;;;;;;;;;;;;;;;;;;;;;;;;;;;;;;;;;;;;
0005                  00041 Initial
0005   1683           00042         BSF STATUS, 5           ;Bit Set F (goes to Bank 1)
                      00043         
                      00044     ;Setting PORTB as Output
0006   3000           00045         MOVLW b'00000000'       ;Move to W Register the binary input 00H
Message[302]: Register in operand not in bank 0.  Ensure that bank bits are correct.
0007   0086           00046         MOVWF TRISB             ;Transfer W Register literals to F Register 86H
                      00047         
0008   1283           00048         BCF STATUS, 5           ;Bit Clear F (goes to Bank 0)
0009   1003           00049         BCF STATUS, 0           ;Bit Clear F (Move the Carry in the register)
                      00050         
000A   2???           00051         goto Main
                      00052 ;;;;;;;;;;;;;;;;;;;;;;;;;;;;;;;;;;;;;;;;;;;;;;;;;;;;;;;;;;;;;;;;;;;;;;;;;;;;;;;;
000B                  00053 Main
000B   3000           00054         MOVLW b'00000000'       ;Set 1st bit into decimal 0
000C   0086           00055         MOVWF PORTB             ;Transfer W Register literals to F Register 06H
000D   2???           00056         Call Delay              ;Subroutine of 1 second delay
                      00057 
000E   3001           00058         MOVLW b'00000001'       ;Decimal == 1
000F   0086           00059         MOVWF PORTB             
0010   2???           00060         Call Delay              
                      00061         
0011   3002           00062         MOVLW b'00000010'       ;Decimal == 2
0012   0086           00063         MOVWF PORTB             
0013   2???           00064         Call Delay              
                      00065         
0014   3003           00066         MOVLW b'00000011'       ;Decimal == 3
0015   0086           00067         MOVWF PORTB             
0016   2???           00068         Call Delay      
                      00069         
0017   3004           00070         MOVLW b'00000100'       ;Decimal == 4
0018   0086           00071         MOVWF PORTB             
0019   2???           00072         Call Delay      
                      00073         
001A   3005           00074         MOVLW b'00000101'       ;Decimal == 5
001B   0086           00075         MOVWF PORTB             
001C   2???           00076         Call Delay
                      00077         
001D   3006           00078         MOVLW b'00000110'       ;Decimal == 6
001E   0086           00079         MOVWF PORTB             
001F   2???           00080         Call Delay
                      00081         
0020   3007           00082         MOVLW b'00000111'       ;Decimal == 7
0021   0086           00083         MOVWF PORTB             
0022   2???           00084         Call Delay
                      00085         
0023   3008           00086         MOVLW b'00001000'       ;Decimal == 8
0024   0086           00087         MOVWF PORTB             
0025   2???           00088         Call Delay
                      00089         
MPASM 5.87                          MP2B.ASM   3-2-2023  6:35:54         PAGE  3


LOC  OBJECT CODE     LINE SOURCE TEXT
  VALUE

0026   3009           00090         MOVLW b'00001001'       ;Decimal == 9
0027   0086           00091         MOVWF PORTB             
0028   2???           00092         Call Delay
                      00093         
0029   2???           00094         goto Main
                      00095     
                      00096 ;;;;;;;;;;;;;;;;;;;;;;;;;;;;;;;;;;;;;;;;;;;;;;;;;;;;;;;;;;;;;;;;;;;;;;;;;;;;;;;;
002A                  00097 Delay
002A   3006           00098     MOVLW D'6'                  ;1 us
002B   00A2           00099     MOVWF CounterC              ;1 us
002C   3018           00100     MOVLW D'24'                 ;1 us
002D   00A1           00101     MOVWF CounterB              ;1 us
002E   30A7           00102     MOVLW D'167'                ;1 us
002F   00A0           00103     MOVWF CounterA              ;1 us
0030                  00104 loop
0030   0BA0           00105     DECFSZ CounterA,1           ;167 x 1 cycle + 1 cycle = 168 us
0031   2???           00106     GOTO loop                   ;166 * 2 us = 332 us
0032   0BA1           00107     DECFSZ CounterB,1           ;24 x 1 cycle + 1 cycle = 25 us
0033   2???           00108     GOTO loop                   ;24 * 2 us = 48 us
0034   0BA2           00109     DECFSZ CounterC,1           ;6 x 1 cycle + 1 cycle = 7 us
0035   2???           00110     GOTO loop                   ;5 * 2 us = 10 us
0036   0000           00111     NOP                         ;1 us
                      00112                                 ;TOTAL = 597 us
                      00113                                 ;3A + 770B + 197,122C - 197,879
                      00114                                 ;3(167) + 770(24) + 197,122(6) - 197,879
                      00115                                 ;501 + 18,480 + 1,182,732 - 197,879
                      00116                                 ;1,201,713 - 197,879
                      00117                                 ;DELAY = 1,003,834 us == 1.003 seconds
0037   0008           00118     RETURN                      ;2 us
                      00119 ;;;;;;;;;;;;;;;;;;;;;;;;;;;;;;;;;;;;;;;;;;;;;;;;;;;;;;;;;;;;;;;;;;;;;;;;;;;;;;;;
                      00120         
Warning[205]: Found directive in column 1. (end)
3FF1                  00121 end
MPASM 5.87                          MP2B.ASM   3-2-2023  6:35:54         PAGE  4


SYMBOL TABLE
  LABEL                             VALUE 

C                                 00000000
CounterA                          00000020
CounterB                          00000021
CounterC                          00000022
DC                                00000001
Delay                             0000002A
EEADR                             00000009
EECON1                            00000088
EECON2                            00000089
EEDATA                            00000008
EEIE                              00000006
EEIF                              00000004
F                                 00000001
FSR                               00000004
GIE                               00000007
INDF                              00000000
INTCON                            0000000B
INTE                              00000004
INTEDG                            00000006
INTF                              00000001
IRP                               00000007
Initial                           00000005
Main                              0000000B
NOT_PD                            00000003
NOT_RBPU                          00000007
NOT_TO                            00000004
OPTION_REG                        00000081
PCL                               00000002
PCLATH                            0000000A
PORTA                             00000005
PORTB                             00000006
PS0                               00000000
PS1                               00000001
PS2                               00000002
PSA                               00000003
RA0                               00000000
RA1                               00000001
RA2                               00000002
RA3                               00000003
RA4                               00000004
RB0                               00000000
RB1                               00000001
RB2                               00000002
RB3                               00000003
RB4                               00000004
RB5                               00000005
RB6                               00000006
RB7                               00000007
RBIE                              00000003
RBIF                              00000000
RD                                00000000
RP0                               00000005
RP1                               00000006
MPASM 5.87                          MP2B.ASM   3-2-2023  6:35:54         PAGE  5


SYMBOL TABLE
  LABEL                             VALUE 

STATUS                            00000003
T0CS                              00000005
T0IE                              00000005
T0IF                              00000002
T0SE                              00000004
TMR0                              00000001
TMR0IE                            00000005
TMR0IF                            00000002
TRISA                             00000085
TRISA0                            00000000
TRISA1                            00000001
TRISA2                            00000002
TRISA3                            00000003
TRISA4                            00000004
TRISB                             00000086
TRISB0                            00000000
TRISB1                            00000001
TRISB2                            00000002
TRISB3                            00000003
TRISB4                            00000004
TRISB5                            00000005
TRISB6                            00000006
TRISB7                            00000007
W                                 00000000
WR                                00000001
WREN                              00000002
WRERR                             00000003
Z                                 00000002
_CONFIG                           00002007
_CP_OFF                           00003FFF
_CP_ON                            0000000F
_DEVID1                           00002006
_FOSC_EXTRC                       00003FFF
_FOSC_HS                          00003FFE
_FOSC_LP                          00003FFC
_FOSC_XT                          00003FFD
_HS_OSC                           00003FFE
_IDLOC0                           00002000
_IDLOC1                           00002001
_IDLOC2                           00002002
_IDLOC3                           00002003
_LP_OSC                           00003FFC
_PWRTE_OFF                        00003FFF
_PWRTE_ON                         00003FF7
_RC_OSC                           00003FFF
_WDTE_OFF                         00003FFB
_WDTE_ON                          00003FFF
_WDT_OFF                          00003FFB
_WDT_ON                           00003FFF
_XT_OSC                           00003FFD
__16F84A                          00000001
loop                              00000030

MPASM 5.87                          MP2B.ASM   3-2-2023  6:35:54         PAGE  6





Errors   :     0
Warnings :     5 reported,     0 suppressed
Messages :     1 reported,     0 suppressed

