Warning[205] C:\USERS\REYES\ONEDRIVE\DESKTOP\MACHINEPROBLEM3\MP3A.X\MP3A.ASM 1 : Found directive in column 1. (list)
Warning[205] C:\USERS\REYES\ONEDRIVE\DESKTOP\MACHINEPROBLEM3\MP3A.X\MP3A.ASM 4 : Found directive in column 1. (__CONFIG)
Warning[207] C:\USERS\REYES\ONEDRIVE\DESKTOP\MACHINEPROBLEM3\MP3A.X\MP3A.ASM 6 : Found label after column 1. (STATUS)
Warning[207] C:\USERS\REYES\ONEDRIVE\DESKTOP\MACHINEPROBLEM3\MP3A.X\MP3A.ASM 7 : Found label after column 1. (PORTA)
Warning[207] C:\USERS\REYES\ONEDRIVE\DESKTOP\MACHINEPROBLEM3\MP3A.X\MP3A.ASM 8 : Found label after column 1. (PORTB)
Warning[207] C:\USERS\REYES\ONEDRIVE\DESKTOP\MACHINEPROBLEM3\MP3A.X\MP3A.ASM 9 : Found label after column 1. (TRISA)
Warning[207] C:\USERS\REYES\ONEDRIVE\DESKTOP\MACHINEPROBLEM3\MP3A.X\MP3A.ASM 10 : Found label after column 1. (TRISB)
Warning[207] C:\USERS\REYES\ONEDRIVE\DESKTOP\MACHINEPROBLEM3\MP3A.X\MP3A.ASM 11 : Found label after column 1. (OPTION_REG)
Warning[207] C:\USERS\REYES\ONEDRIVE\DESKTOP\MACHINEPROBLEM3\MP3A.X\MP3A.ASM 12 : Found label after column 1. (INTCON)
Warning[207] C:\USERS\REYES\ONEDRIVE\DESKTOP\MACHINEPROBLEM3\MP3A.X\MP3A.ASM 14 : Found label after column 1. (CounterC)
Warning[207] C:\USERS\REYES\ONEDRIVE\DESKTOP\MACHINEPROBLEM3\MP3A.X\MP3A.ASM 15 : Found label after column 1. (CounterB)
Warning[207] C:\USERS\REYES\ONEDRIVE\DESKTOP\MACHINEPROBLEM3\MP3A.X\MP3A.ASM 16 : Found label after column 1. (CounterA)
Warning[207] C:\USERS\REYES\ONEDRIVE\DESKTOP\MACHINEPROBLEM3\MP3A.X\MP3A.ASM 17 : Found label after column 1. (W_TEMP)
Warning[207] C:\USERS\REYES\ONEDRIVE\DESKTOP\MACHINEPROBLEM3\MP3A.X\MP3A.ASM 18 : Found label after column 1. (STATUS_TEMP)
Warning[205] C:\USERS\REYES\ONEDRIVE\DESKTOP\MACHINEPROBLEM3\MP3A.X\MP3A.ASM 20 : Found directive in column 1. (ORG)
Warning[203] C:\USERS\REYES\ONEDRIVE\DESKTOP\MACHINEPROBLEM3\MP3A.X\MP3A.ASM 21 : Found opcode in column 1. (goto)
Warning[205] C:\USERS\REYES\ONEDRIVE\DESKTOP\MACHINEPROBLEM3\MP3A.X\MP3A.ASM 22 : Found directive in column 1. (ORG)
Warning[203] C:\USERS\REYES\ONEDRIVE\DESKTOP\MACHINEPROBLEM3\MP3A.X\MP3A.ASM 23 : Found opcode in column 1. (goto)
Warning[203] C:\USERS\REYES\ONEDRIVE\DESKTOP\MACHINEPROBLEM3\MP3A.X\MP3A.ASM 27 : Found opcode in column 1. (BCF)
Warning[203] C:\USERS\REYES\ONEDRIVE\DESKTOP\MACHINEPROBLEM3\MP3A.X\MP3A.ASM 28 : Found opcode in column 1. (MOVWF)
Warning[203] C:\USERS\REYES\ONEDRIVE\DESKTOP\MACHINEPROBLEM3\MP3A.X\MP3A.ASM 29 : Found opcode in column 1. (SWAPF)
Warning[203] C:\USERS\REYES\ONEDRIVE\DESKTOP\MACHINEPROBLEM3\MP3A.X\MP3A.ASM 30 : Found opcode in column 1. (MOVWF)
Warning[203] C:\USERS\REYES\ONEDRIVE\DESKTOP\MACHINEPROBLEM3\MP3A.X\MP3A.ASM 32 : Found opcode in column 1. (BCF)
Warning[203] C:\USERS\REYES\ONEDRIVE\DESKTOP\MACHINEPROBLEM3\MP3A.X\MP3A.ASM 33 : Found opcode in column 1. (BSF)
Warning[203] C:\USERS\REYES\ONEDRIVE\DESKTOP\MACHINEPROBLEM3\MP3A.X\MP3A.ASM 34 : Found opcode in column 1. (call)
Warning[203] C:\USERS\REYES\ONEDRIVE\DESKTOP\MACHINEPROBLEM3\MP3A.X\MP3A.ASM 35 : Found opcode in column 1. (BCF)
Warning[203] C:\USERS\REYES\ONEDRIVE\DESKTOP\MACHINEPROBLEM3\MP3A.X\MP3A.ASM 36 : Found opcode in column 1. (call)
Warning[203] C:\USERS\REYES\ONEDRIVE\DESKTOP\MACHINEPROBLEM3\MP3A.X\MP3A.ASM 37 : Found opcode in column 1. (BSF)
Warning[203] C:\USERS\REYES\ONEDRIVE\DESKTOP\MACHINEPROBLEM3\MP3A.X\MP3A.ASM 38 : Found opcode in column 1. (call)
Warning[203] C:\USERS\REYES\ONEDRIVE\DESKTOP\MACHINEPROBLEM3\MP3A.X\MP3A.ASM 39 : Found opcode in column 1. (BCF)
Warning[203] C:\USERS\REYES\ONEDRIVE\DESKTOP\MACHINEPROBLEM3\MP3A.X\MP3A.ASM 40 : Found opcode in column 1. (call)
Warning[203] C:\USERS\REYES\ONEDRIVE\DESKTOP\MACHINEPROBLEM3\MP3A.X\MP3A.ASM 41 : Found opcode in column 1. (BSF)
Warning[203] C:\USERS\REYES\ONEDRIVE\DESKTOP\MACHINEPROBLEM3\MP3A.X\MP3A.ASM 42 : Found opcode in column 1. (call)
Warning[203] C:\USERS\REYES\ONEDRIVE\DESKTOP\MACHINEPROBLEM3\MP3A.X\MP3A.ASM 43 : Found opcode in column 1. (BCF)
Warning[203] C:\USERS\REYES\ONEDRIVE\DESKTOP\MACHINEPROBLEM3\MP3A.X\MP3A.ASM 44 : Found opcode in column 1. (call)
Warning[203] C:\USERS\REYES\ONEDRIVE\DESKTOP\MACHINEPROBLEM3\MP3A.X\MP3A.ASM 45 : Found opcode in column 1. (BSF)
Warning[203] C:\USERS\REYES\ONEDRIVE\DESKTOP\MACHINEPROBLEM3\MP3A.X\MP3A.ASM 46 : Found opcode in column 1. (call)
Warning[203] C:\USERS\REYES\ONEDRIVE\DESKTOP\MACHINEPROBLEM3\MP3A.X\MP3A.ASM 47 : Found opcode in column 1. (BCF)
Warning[203] C:\USERS\REYES\ONEDRIVE\DESKTOP\MACHINEPROBLEM3\MP3A.X\MP3A.ASM 48 : Found opcode in column 1. (call)
Warning[203] C:\USERS\REYES\ONEDRIVE\DESKTOP\MACHINEPROBLEM3\MP3A.X\MP3A.ASM 49 : Found opcode in column 1. (BSF)
Warning[203] C:\USERS\REYES\ONEDRIVE\DESKTOP\MACHINEPROBLEM3\MP3A.X\MP3A.ASM 50 : Found opcode in column 1. (call)
Warning[203] C:\USERS\REYES\ONEDRIVE\DESKTOP\MACHINEPROBLEM3\MP3A.X\MP3A.ASM 51 : Found opcode in column 1. (BCF)
Warning[203] C:\USERS\REYES\ONEDRIVE\DESKTOP\MACHINEPROBLEM3\MP3A.X\MP3A.ASM 52 : Found opcode in column 1. (call)
Warning[203] C:\USERS\REYES\ONEDRIVE\DESKTOP\MACHINEPROBLEM3\MP3A.X\MP3A.ASM 53 : Found opcode in column 1. (BSF)
Warning[203] C:\USERS\REYES\ONEDRIVE\DESKTOP\MACHINEPROBLEM3\MP3A.X\MP3A.ASM 54 : Found opcode in column 1. (call)
Warning[203] C:\USERS\REYES\ONEDRIVE\DESKTOP\MACHINEPROBLEM3\MP3A.X\MP3A.ASM 55 : Found opcode in column 1. (BCF)
Warning[203] C:\USERS\REYES\ONEDRIVE\DESKTOP\MACHINEPROBLEM3\MP3A.X\MP3A.ASM 56 : Found opcode in column 1. (call)
Warning[203] C:\USERS\REYES\ONEDRIVE\DESKTOP\MACHINEPROBLEM3\MP3A.X\MP3A.ASM 57 : Found opcode in column 1. (BSF)
Warning[203] C:\USERS\REYES\ONEDRIVE\DESKTOP\MACHINEPROBLEM3\MP3A.X\MP3A.ASM 58 : Found opcode in column 1. (call)
Warning[203] C:\USERS\REYES\ONEDRIVE\DESKTOP\MACHINEPROBLEM3\MP3A.X\MP3A.ASM 59 : Found opcode in column 1. (BCF)
Warning[203] C:\USERS\REYES\ONEDRIVE\DESKTOP\MACHINEPROBLEM3\MP3A.X\MP3A.ASM 60 : Found opcode in column 1. (call)
Warning[203] C:\USERS\REYES\ONEDRIVE\DESKTOP\MACHINEPROBLEM3\MP3A.X\MP3A.ASM 61 : Found opcode in column 1. (BSF)
Warning[203] C:\USERS\REYES\ONEDRIVE\DESKTOP\MACHINEPROBLEM3\MP3A.X\MP3A.ASM 62 : Found opcode in column 1. (call)
Warning[203] C:\USERS\REYES\ONEDRIVE\DESKTOP\MACHINEPROBLEM3\MP3A.X\MP3A.ASM 63 : Found opcode in column 1. (BCF)
Warning[203] C:\USERS\REYES\ONEDRIVE\DESKTOP\MACHINEPROBLEM3\MP3A.X\MP3A.ASM 64 : Found opcode in column 1. (call)
Warning[203] C:\USERS\REYES\ONEDRIVE\DESKTOP\MACHINEPROBLEM3\MP3A.X\MP3A.ASM 65 : Found opcode in column 1. (BSF)
Warning[203] C:\USERS\REYES\ONEDRIVE\DESKTOP\MACHINEPROBLEM3\MP3A.X\MP3A.ASM 66 : Found opcode in column 1. (call)
Warning[203] C:\USERS\REYES\ONEDRIVE\DESKTOP\MACHINEPROBLEM3\MP3A.X\MP3A.ASM 67 : Found opcode in column 1. (BCF)
Warning[203] C:\USERS\REYES\ONEDRIVE\DESKTOP\MACHINEPROBLEM3\MP3A.X\MP3A.ASM 68 : Found opcode in column 1. (call)
Warning[203] C:\USERS\REYES\ONEDRIVE\DESKTOP\MACHINEPROBLEM3\MP3A.X\MP3A.ASM 70 : Found opcode in column 1. (SWAPF)
Warning[203] C:\USERS\REYES\ONEDRIVE\DESKTOP\MACHINEPROBLEM3\MP3A.X\MP3A.ASM 71 : Found opcode in column 1. (MOVWF)
Warning[203] C:\USERS\REYES\ONEDRIVE\DESKTOP\MACHINEPROBLEM3\MP3A.X\MP3A.ASM 72 : Found opcode in column 1. (SWAPF)
Warning[203] C:\USERS\REYES\ONEDRIVE\DESKTOP\MACHINEPROBLEM3\MP3A.X\MP3A.ASM 73 : Found opcode in column 1. (SWAPF)
Warning[203] C:\USERS\REYES\ONEDRIVE\DESKTOP\MACHINEPROBLEM3\MP3A.X\MP3A.ASM 74 : Found opcode in column 1. (RETFIE)
Warning[203] C:\USERS\REYES\ONEDRIVE\DESKTOP\MACHINEPROBLEM3\MP3A.X\MP3A.ASM 76 : Found opcode in column 1. (BSF)
Warning[203] C:\USERS\REYES\ONEDRIVE\DESKTOP\MACHINEPROBLEM3\MP3A.X\MP3A.ASM 77 : Found opcode in column 1. (MOVLW)
Warning[203] C:\USERS\REYES\ONEDRIVE\DESKTOP\MACHINEPROBLEM3\MP3A.X\MP3A.ASM 78 : Found opcode in column 1. (MOVWF)
Message[302] C:\USERS\REYES\ONEDRIVE\DESKTOP\MACHINEPROBLEM3\MP3A.X\MP3A.ASM 78 : Register in operand not in bank 0.  Ensure that bank bits are correct.
Warning[203] C:\USERS\REYES\ONEDRIVE\DESKTOP\MACHINEPROBLEM3\MP3A.X\MP3A.ASM 79 : Found opcode in column 1. (BSF)
Message[302] C:\USERS\REYES\ONEDRIVE\DESKTOP\MACHINEPROBLEM3\MP3A.X\MP3A.ASM 79 : Register in operand not in bank 0.  Ensure that bank bits are correct.
Warning[203] C:\USERS\REYES\ONEDRIVE\DESKTOP\MACHINEPROBLEM3\MP3A.X\MP3A.ASM 80 : Found opcode in column 1. (BSF)
Message[302] C:\USERS\REYES\ONEDRIVE\DESKTOP\MACHINEPROBLEM3\MP3A.X\MP3A.ASM 80 : Register in operand not in bank 0.  Ensure that bank bits are correct.
Warning[203] C:\USERS\REYES\ONEDRIVE\DESKTOP\MACHINEPROBLEM3\MP3A.X\MP3A.ASM 81 : Found opcode in column 1. (BCF)
Warning[203] C:\USERS\REYES\ONEDRIVE\DESKTOP\MACHINEPROBLEM3\MP3A.X\MP3A.ASM 82 : Found opcode in column 1. (BSF)
Warning[203] C:\USERS\REYES\ONEDRIVE\DESKTOP\MACHINEPROBLEM3\MP3A.X\MP3A.ASM 83 : Found opcode in column 1. (BSF)
Warning[203] C:\USERS\REYES\ONEDRIVE\DESKTOP\MACHINEPROBLEM3\MP3A.X\MP3A.ASM 84 : Found opcode in column 1. (BCF)
Warning[203] C:\USERS\REYES\ONEDRIVE\DESKTOP\MACHINEPROBLEM3\MP3A.X\MP3A.ASM 85 : Found opcode in column 1. (goto)
Warning[203] C:\USERS\REYES\ONEDRIVE\DESKTOP\MACHINEPROBLEM3\MP3A.X\MP3A.ASM 88 : Found opcode in column 1. (BSF)
Warning[203] C:\USERS\REYES\ONEDRIVE\DESKTOP\MACHINEPROBLEM3\MP3A.X\MP3A.ASM 89 : Found opcode in column 1. (call)
Warning[203] C:\USERS\REYES\ONEDRIVE\DESKTOP\MACHINEPROBLEM3\MP3A.X\MP3A.ASM 91 : Found opcode in column 1. (BCF)
Warning[203] C:\USERS\REYES\ONEDRIVE\DESKTOP\MACHINEPROBLEM3\MP3A.X\MP3A.ASM 92 : Found opcode in column 1. (call)
Warning[203] C:\USERS\REYES\ONEDRIVE\DESKTOP\MACHINEPROBLEM3\MP3A.X\MP3A.ASM 93 : Found opcode in column 1. (goto)
Warning[203] C:\USERS\REYES\ONEDRIVE\DESKTOP\MACHINEPROBLEM3\MP3A.X\MP3A.ASM 96 : Found opcode in column 1. (movlw)
Warning[203] C:\USERS\REYES\ONEDRIVE\DESKTOP\MACHINEPROBLEM3\MP3A.X\MP3A.ASM 97 : Found opcode in column 1. (movwf)
Warning[203] C:\USERS\REYES\ONEDRIVE\DESKTOP\MACHINEPROBLEM3\MP3A.X\MP3A.ASM 98 : Found opcode in column 1. (movlw)
Warning[203] C:\USERS\REYES\ONEDRIVE\DESKTOP\MACHINEPROBLEM3\MP3A.X\MP3A.ASM 99 : Found opcode in column 1. (movwf)
Warning[203] C:\USERS\REYES\ONEDRIVE\DESKTOP\MACHINEPROBLEM3\MP3A.X\MP3A.ASM 100 : Found opcode in column 1. (movlw)
Warning[203] C:\USERS\REYES\ONEDRIVE\DESKTOP\MACHINEPROBLEM3\MP3A.X\MP3A.ASM 101 : Found opcode in column 1. (movwf)
Warning[203] C:\USERS\REYES\ONEDRIVE\DESKTOP\MACHINEPROBLEM3\MP3A.X\MP3A.ASM 104 : Found opcode in column 1. (decfsz)
Warning[203] C:\USERS\REYES\ONEDRIVE\DESKTOP\MACHINEPROBLEM3\MP3A.X\MP3A.ASM 105 : Found opcode in column 1. (goto)
Warning[203] C:\USERS\REYES\ONEDRIVE\DESKTOP\MACHINEPROBLEM3\MP3A.X\MP3A.ASM 106 : Found opcode in column 1. (decfsz)
Warning[203] C:\USERS\REYES\ONEDRIVE\DESKTOP\MACHINEPROBLEM3\MP3A.X\MP3A.ASM 107 : Found opcode in column 1. (goto)
Warning[203] C:\USERS\REYES\ONEDRIVE\DESKTOP\MACHINEPROBLEM3\MP3A.X\MP3A.ASM 108 : Found opcode in column 1. (decfsz)
Warning[203] C:\USERS\REYES\ONEDRIVE\DESKTOP\MACHINEPROBLEM3\MP3A.X\MP3A.ASM 109 : Found opcode in column 1. (goto)
Warning[203] C:\USERS\REYES\ONEDRIVE\DESKTOP\MACHINEPROBLEM3\MP3A.X\MP3A.ASM 110 : Found opcode in column 1. (nop)
Warning[203] C:\USERS\REYES\ONEDRIVE\DESKTOP\MACHINEPROBLEM3\MP3A.X\MP3A.ASM 111 : Found opcode in column 1. (return)
Warning[203] C:\USERS\REYES\ONEDRIVE\DESKTOP\MACHINEPROBLEM3\MP3A.X\MP3A.ASM 114 : Found opcode in column 1. (movlw)
Warning[203] C:\USERS\REYES\ONEDRIVE\DESKTOP\MACHINEPROBLEM3\MP3A.X\MP3A.ASM 115 : Found opcode in column 1. (movwf)
Warning[203] C:\USERS\REYES\ONEDRIVE\DESKTOP\MACHINEPROBLEM3\MP3A.X\MP3A.ASM 116 : Found opcode in column 1. (movlw)
Warning[203] C:\USERS\REYES\ONEDRIVE\DESKTOP\MACHINEPROBLEM3\MP3A.X\MP3A.ASM 117 : Found opcode in column 1. (movwf)
Warning[203] C:\USERS\REYES\ONEDRIVE\DESKTOP\MACHINEPROBLEM3\MP3A.X\MP3A.ASM 118 : Found opcode in column 1. (movlw)
Warning[203] C:\USERS\REYES\ONEDRIVE\DESKTOP\MACHINEPROBLEM3\MP3A.X\MP3A.ASM 119 : Found opcode in column 1. (movwf)
Warning[203] C:\USERS\REYES\ONEDRIVE\DESKTOP\MACHINEPROBLEM3\MP3A.X\MP3A.ASM 122 : Found opcode in column 1. (decfsz)
Warning[203] C:\USERS\REYES\ONEDRIVE\DESKTOP\MACHINEPROBLEM3\MP3A.X\MP3A.ASM 123 : Found opcode in column 1. (goto)
Warning[203] C:\USERS\REYES\ONEDRIVE\DESKTOP\MACHINEPROBLEM3\MP3A.X\MP3A.ASM 124 : Found opcode in column 1. (decfsz)
Warning[203] C:\USERS\REYES\ONEDRIVE\DESKTOP\MACHINEPROBLEM3\MP3A.X\MP3A.ASM 125 : Found opcode in column 1. (goto)
Warning[203] C:\USERS\REYES\ONEDRIVE\DESKTOP\MACHINEPROBLEM3\MP3A.X\MP3A.ASM 126 : Found opcode in column 1. (decfsz)
Warning[203] C:\USERS\REYES\ONEDRIVE\DESKTOP\MACHINEPROBLEM3\MP3A.X\MP3A.ASM 127 : Found opcode in column 1. (goto)
Warning[203] C:\USERS\REYES\ONEDRIVE\DESKTOP\MACHINEPROBLEM3\MP3A.X\MP3A.ASM 128 : Found opcode in column 1. (nop)
Warning[203] C:\USERS\REYES\ONEDRIVE\DESKTOP\MACHINEPROBLEM3\MP3A.X\MP3A.ASM 129 : Found opcode in column 1. (return)
Warning[205] C:\USERS\REYES\ONEDRIVE\DESKTOP\MACHINEPROBLEM3\MP3A.X\MP3A.ASM 130 : Found directive in column 1. (end)
